<?xml version="1.0" encoding="UTF-8"?>
<testng-results skipped="0" failed="0" ignored="0" total="1" passed="1">
  <reporter-output>
  </reporter-output>
  <suite name="Default suite" duration-ms="130315" started-at="2018-10-17T20:20:51Z" finished-at="2018-10-17T20:23:01Z">
    <groups>
    </groups>
    <test name="Default test" duration-ms="130315" started-at="2018-10-17T20:20:51Z" finished-at="2018-10-17T20:23:01Z">
      <class name="ReusableMethods.DriverScriptsTest">
        <test-method status="PASS" signature="method()[pri:0, instance:ReusableMethods.DriverScriptsTest@604ed9f0]" name="method" duration-ms="130300" started-at="2018-10-17T13:20:51Z" finished-at="2018-10-17T13:23:01Z">
          <reporter-output>
          </reporter-output>
        </test-method> <!-- method -->
      </class> <!-- ReusableMethods.DriverScriptsTest -->
    </test> <!-- Default test -->
  </suite> <!-- Default suite -->
</testng-results>
