<?xml version="1.0" encoding="UTF-8"?>
<testng-results skipped="0" failed="0" total="1" passed="1">
  <reporter-output>
  </reporter-output>
  <suite name="Default suite" duration-ms="73416" started-at="2018-10-20T19:50:25Z" finished-at="2018-10-20T19:51:38Z">
    <groups>
    </groups>
    <test name="Default test" duration-ms="73416" started-at="2018-10-20T19:50:25Z" finished-at="2018-10-20T19:51:38Z">
      <class name="DriverScriptTest">
        <test-method status="PASS" signature="main()[pri:0, instance:DriverScriptTest@29774679]" name="main" duration-ms="73407" started-at="2018-10-20T12:50:25Z" finished-at="2018-10-20T12:51:38Z">
          <reporter-output>
          </reporter-output>
        </test-method> <!-- main -->
      </class> <!-- DriverScriptTest -->
    </test> <!-- Default test -->
  </suite> <!-- Default suite -->
</testng-results>
